--- Multi-Tenancy Verification Start ---
1. Registering new school: TEST778
❌ Error: SQLSTATE[42000]: Syntax error or access violation: 1044 Access denied for user 'cbc_user'@'localhost' to database 'tenantTEST778' (Connection: central, Host: 127.0.0.1, Port: 3306, Database: cbc_school_system, SQL: CREATE DATABASE `tenantTEST778` CHARACTER SET `utf8mb4` COLLATE `utf8mb4_unicode_ci`)
#0 /home/billy/PhpstormProjects/CBC/vendor/laravel/framework/src/Illuminate/Database/Connection.php(794): Illuminate\Database\Connection->runQueryCallback()
#1 /home/billy/PhpstormProjects/CBC/vendor/laravel/framework/src/Illuminate/Database/Connection.php(573): Illuminate\Database\Connection->run()
#2 /home/billy/PhpstormProjects/CBC/vendor/stancl/tenancy/src/TenantDatabaseManagers/MySQLDatabaseManager.php(38): Illuminate\Database\Connection->statement()
#3 /home/billy/PhpstormProjects/CBC/vendor/stancl/tenancy/src/Jobs/CreateDatabase.php(41): Stancl\Tenancy\TenantDatabaseManagers\MySQLDatabaseManager->createDatabase()
#4 /home/billy/PhpstormProjects/CBC/vendor/laravel/framework/src/Illuminate/Container/BoundMethod.php(36): Stancl\Tenancy\Jobs\CreateDatabase->handle()
#5 /home/billy/PhpstormProjects/CBC/vendor/laravel/framework/src/Illuminate/Container/Util.php(43): Illuminate\Container\BoundMethod::{closure:Illuminate\Container\BoundMethod::call():35}()
#6 /home/billy/PhpstormProjects/CBC/vendor/laravel/framework/src/Illuminate/Container/BoundMethod.php(96): Illuminate\Container\Util::unwrapIfClosure()
#7 /home/billy/PhpstormProjects/CBC/vendor/laravel/framework/src/Illuminate/Container/BoundMethod.php(35): Illuminate\Container\BoundMethod::callBoundMethod()
#8 /home/billy/PhpstormProjects/CBC/vendor/laravel/framework/src/Illuminate/Container/Container.php(799): Illuminate\Container\BoundMethod::call()
#9 /home/billy/PhpstormProjects/CBC/vendor/stancl/jobpipeline/src/JobPipeline.php(68): Illuminate\Container\Container->call()
#10 /home/billy/PhpstormProjects/CBC/vendor/laravel/framework/src/Illuminate/Container/BoundMethod.php(36): Stancl\JobPipeline\JobPipeline->handle()
#11 /home/billy/PhpstormProjects/CBC/vendor/laravel/framework/src/Illuminate/Container/Util.php(43): Illuminate\Container\BoundMethod::{closure:Illuminate\Container\BoundMethod::call():35}()
#12 /home/billy/PhpstormProjects/CBC/vendor/laravel/framework/src/Illuminate/Container/BoundMethod.php(96): Illuminate\Container\Util::unwrapIfClosure()
#13 /home/billy/PhpstormProjects/CBC/vendor/laravel/framework/src/Illuminate/Container/BoundMethod.php(35): Illuminate\Container\BoundMethod::callBoundMethod()
#14 /home/billy/PhpstormProjects/CBC/vendor/laravel/framework/src/Illuminate/Container/Container.php(799): Illuminate\Container\BoundMethod::call()
#15 /home/billy/PhpstormProjects/CBC/vendor/laravel/framework/src/Illuminate/Bus/Dispatcher.php(129): Illuminate\Container\Container->call()
#16 /home/billy/PhpstormProjects/CBC/vendor/laravel/framework/src/Illuminate/Pipeline/Pipeline.php(180): Illuminate\Bus\Dispatcher->{closure:Illuminate\Bus\Dispatcher::dispatchNow():126}()
#17 /home/billy/PhpstormProjects/CBC/vendor/laravel/framework/src/Illuminate/Pipeline/Pipeline.php(137): Illuminate\Pipeline\Pipeline->{closure:Illuminate\Pipeline\Pipeline::prepareDestination():178}()
#18 /home/billy/PhpstormProjects/CBC/vendor/laravel/framework/src/Illuminate/Bus/Dispatcher.php(133): Illuminate\Pipeline\Pipeline->then()
#19 /home/billy/PhpstormProjects/CBC/vendor/laravel/framework/src/Illuminate/Bus/Dispatcher.php(101): Illuminate\Bus\Dispatcher->dispatchNow()
#20 /home/billy/PhpstormProjects/CBC/vendor/laravel/framework/src/Illuminate/Foundation/helpers.php(477): Illuminate\Bus\Dispatcher->dispatchSync()
#21 /home/billy/PhpstormProjects/CBC/vendor/stancl/jobpipeline/src/JobPipeline.php(96): dispatch_sync()
#22 /home/billy/PhpstormProjects/CBC/vendor/laravel/framework/src/Illuminate/Events/Dispatcher.php(492): Stancl\JobPipeline\JobPipeline->{closure:Stancl\JobPipeline\JobPipeline::toListener():90}()
#23 /home/billy/PhpstormProjects/CBC/vendor/laravel/framework/src/Illuminate/Events/Dispatcher.php(319): Illuminate\Events\Dispatcher->{closure:Illuminate\Events\Dispatcher::makeListener():487}()
#24 /home/billy/PhpstormProjects/CBC/vendor/laravel/framework/src/Illuminate/Events/Dispatcher.php(299): Illuminate\Events\Dispatcher->invokeListeners()
#25 /home/billy/PhpstormProjects/CBC/vendor/laravel/framework/src/Illuminate/Database/Eloquent/Concerns/HasEvents.php(242): Illuminate\Events\Dispatcher->dispatch()
#26 /home/billy/PhpstormProjects/CBC/vendor/laravel/framework/src/Illuminate/Database/Eloquent/Concerns/HasEvents.php(217): Illuminate\Database\Eloquent\Model->fireCustomModelEvent()
#27 /home/billy/PhpstormProjects/CBC/vendor/stancl/virtualcolumn/src/VirtualColumn.php(139): Illuminate\Database\Eloquent\Model->fireModelEvent()
#28 /home/billy/PhpstormProjects/CBC/vendor/laravel/framework/src/Illuminate/Database/Eloquent/Model.php(1422): Stancl\Tenancy\Database\Models\Tenant->fireModelEvent()
#29 /home/billy/PhpstormProjects/CBC/vendor/laravel/framework/src/Illuminate/Database/Eloquent/Model.php(1240): Illuminate\Database\Eloquent\Model->performInsert()
#30 /home/billy/PhpstormProjects/CBC/vendor/laravel/framework/src/Illuminate/Database/Eloquent/Builder.php(1219): Illuminate\Database\Eloquent\Model->save()
#31 /home/billy/PhpstormProjects/CBC/vendor/laravel/framework/src/Illuminate/Support/helpers.php(388): Illuminate\Database\Eloquent\Builder->{closure:Illuminate\Database\Eloquent\Builder::create():1218}()
#32 /home/billy/PhpstormProjects/CBC/vendor/laravel/framework/src/Illuminate/Database/Eloquent/Builder.php(1218): tap()
#33 /home/billy/PhpstormProjects/CBC/vendor/laravel/framework/src/Illuminate/Support/Traits/ForwardsCalls.php(23): Illuminate\Database\Eloquent\Builder->create()
#34 /home/billy/PhpstormProjects/CBC/vendor/laravel/framework/src/Illuminate/Database/Eloquent/Model.php(2540): Illuminate\Database\Eloquent\Model->forwardCallTo()
#35 /home/billy/PhpstormProjects/CBC/vendor/laravel/framework/src/Illuminate/Database/Eloquent/Model.php(2556): Illuminate\Database\Eloquent\Model->__call()
#36 /home/billy/PhpstormProjects/CBC/app/Services/SchoolOnboardingService.php(30): Illuminate\Database\Eloquent\Model::__callStatic()
#37 /home/billy/PhpstormProjects/CBC/vendor/laravel/framework/src/Illuminate/Database/Concerns/ManagesTransactions.php(35): App\Services\SchoolOnboardingService->{closure:App\Services\SchoolOnboardingService::register():27}()
#38 /home/billy/PhpstormProjects/CBC/vendor/laravel/framework/src/Illuminate/Database/DatabaseManager.php(491): Illuminate\Database\Connection->transaction()
#39 /home/billy/PhpstormProjects/CBC/vendor/laravel/framework/src/Illuminate/Support/Facades/Facade.php(363): Illuminate\Database\DatabaseManager->__call()
#40 /home/billy/PhpstormProjects/CBC/app/Services/SchoolOnboardingService.php(27): Illuminate\Support\Facades\Facade::__callStatic()
#41 /home/billy/PhpstormProjects/CBC/verify_tenancy.php(35): App\Services\SchoolOnboardingService->register()
#42 {main}