Tenant: 7ACT73QX

   INFO  Seeding database.  

Seeding Curriculum Hierarchy...
Seeding Competency Indicators...
Allocating Teachers to Subjects and Classes...
Seeding Assessments and Ratings...
Seeding Portfolio Evidence...

   Illuminate\Database\QueryException 

  SQLSTATE[42S22]: Column not found: 1054 Unknown column 'student_id' in 'INSERT INTO' (Connection: mysql, Host: 127.0.0.1, Port: 3306, Database: cbc_school_system, SQL: insert into `portfolio_items` (`student_id`, `learning_indicator_id`, `title`, `description`, `evidence_type`, `evidence_url`, `assessment_date`, `teacher_id`, `status`, `created_at`, `updated_at`) values (1, 13, Evidence for Demonstrates proficiency in task 1, Sample portfolio evidence description for demonstration purposes., video, https://via.placeholder.com/600x400, 2026-02-01 09:03:00, 217, approved, 2026-03-30 09:03:00, 2026-03-30 09:03:00))

  at vendor/laravel/framework/src/Illuminate/Database/Connection.php:838
    834▕             $exceptionType = $this->isUniqueConstraintError($e)
    835▕                 ? UniqueConstraintViolationException::class
    836▕                 : QueryException::class;
    837▕ 
  ➜ 838▕             throw new $exceptionType(
    839▕                 $this->getNameWithReadWriteType(),
    840▕                 $query,
    841▕                 $this->prepareBindings($bindings),
    842▕                 $e,

  1   vendor/laravel/framework/src/Illuminate/Database/MySqlConnection.php:47
      PDOException::("SQLSTATE[42S22]: Column not found: 1054 Unknown column 'student_id' in 'INSERT INTO'")

  2   vendor/laravel/framework/src/Illuminate/Database/MySqlConnection.php:47
      PDO::prepare()

  3   vendor/laravel/framework/src/Illuminate/Database/Connection.php:827
      Illuminate\Database\MySqlConnection::{closure:Illuminate\Database\MySqlConnection::insert():42}()

  4   vendor/laravel/framework/src/Illuminate/Database/Connection.php:794
      Illuminate\Database\Connection::runQueryCallback()

  5   vendor/laravel/framework/src/Illuminate/Database/MySqlConnection.php:42
      Illuminate\Database\Connection::run()

  6   vendor/laravel/framework/src/Illuminate/Database/Query/Processors/MySqlProcessor.php:35
      Illuminate\Database\MySqlConnection::insert()

  7   vendor/laravel/framework/src/Illuminate/Database/Query/Builder.php:4140
      Illuminate\Database\Query\Processors\MySqlProcessor::processInsertGetId()

  8   database/seeders/TenantCBCSeeder.php:282
      Illuminate\Database\Query\Builder::insertGetId()

  9   database/seeders/TenantCBCSeeder.php:53
      Database\Seeders\TenantCBCSeeder::seedPortfolioEvidence()

  10  vendor/laravel/framework/src/Illuminate/Container/BoundMethod.php:36
      Database\Seeders\TenantCBCSeeder::run()

  11  vendor/laravel/framework/src/Illuminate/Container/Util.php:43
      Illuminate\Container\BoundMethod::{closure:Illuminate\Container\BoundMethod::call():35}()

  12  vendor/laravel/framework/src/Illuminate/Container/BoundMethod.php:96
      Illuminate\Container\Util::unwrapIfClosure()

  13  vendor/laravel/framework/src/Illuminate/Container/BoundMethod.php:35
      Illuminate\Container\BoundMethod::callBoundMethod()

  14  vendor/laravel/framework/src/Illuminate/Container/Container.php:799
      Illuminate\Container\BoundMethod::call()

  15  vendor/laravel/framework/src/Illuminate/Database/Seeder.php:184
      Illuminate\Container\Container::call()

  16  vendor/laravel/framework/src/Illuminate/Database/Seeder.php:193
      Illuminate\Database\Seeder::{closure:Illuminate\Database\Seeder::__invoke():183}()

  17  vendor/laravel/framework/src/Illuminate/Database/Console/Seeds/SeedCommand.php:71
      Illuminate\Database\Seeder::__invoke()

  18  vendor/laravel/framework/src/Illuminate/Database/Eloquent/Concerns/GuardsAttributes.php:157
      Illuminate\Database\Console\Seeds\SeedCommand::{closure:Illuminate\Database\Console\Seeds\SeedCommand::handle():70}()

  19  vendor/laravel/framework/src/Illuminate/Database/Console/Seeds/SeedCommand.php:70
      Illuminate\Database\Eloquent\Model::unguarded()

  20  vendor/stancl/tenancy/src/Commands/Seed.php:59
      Illuminate\Database\Console\Seeds\SeedCommand::handle()

  21  vendor/stancl/tenancy/src/Tenancy.php:160
      Stancl\Tenancy\Commands\Seed::{closure:Stancl\Tenancy\Commands\Seed::handle():53}()

  22  vendor/stancl/tenancy/src/Commands/Seed.php:53
      Stancl\Tenancy\Tenancy::runForMultiple()

  23  vendor/laravel/framework/src/Illuminate/Container/BoundMethod.php:36
      Stancl\Tenancy\Commands\Seed::handle()

  24  vendor/laravel/framework/src/Illuminate/Container/Util.php:43
      Illuminate\Container\BoundMethod::{closure:Illuminate\Container\BoundMethod::call():35}()

  25  vendor/laravel/framework/src/Illuminate/Container/BoundMethod.php:96
      Illuminate\Container\Util::unwrapIfClosure()

  26  vendor/laravel/framework/src/Illuminate/Container/BoundMethod.php:35
      Illuminate\Container\BoundMethod::callBoundMethod()

  27  vendor/laravel/framework/src/Illuminate/Container/Container.php:799
      Illuminate\Container\BoundMethod::call()

  28  vendor/laravel/framework/src/Illuminate/Console/Command.php:211
      Illuminate\Container\Container::call()

  29  vendor/symfony/console/Command/Command.php:341
      Illuminate\Console\Command::execute()

  30  vendor/laravel/framework/src/Illuminate/Console/Command.php:180
      Symfony\Component\Console\Command\Command::run()

  31  vendor/symfony/console/Application.php:1117
      Illuminate\Console\Command::run()

  32  vendor/symfony/console/Application.php:356
      Symfony\Component\Console\Application::doRunCommand()

  33  vendor/symfony/console/Application.php:195
      Symfony\Component\Console\Application::doRun()

  34  vendor/laravel/framework/src/Illuminate/Foundation/Console/Kernel.php:198
      Symfony\Component\Console\Application::run()

  35  vendor/laravel/framework/src/Illuminate/Foundation/Application.php:1235
      Illuminate\Foundation\Console\Kernel::handle()

  36  artisan:16
      Illuminate\Foundation\Application::handleCommand()

